positions: instr line
events: goroutine(count)

ob=
fl=
fn=
0x5e1b6b 0 374
-121450 0 1
0x7b4dae 0 1
0x8e1a7f 0 1
0xb00cc1 0 1
0x5b8c9a 0 0
cfl=
cfn=
calls=0 0x5b8ff3 0
* * 9
+64 0 0
cfl=
cfn=
calls=0 +857 0
* * 7
+793 0 0
cfl=
cfn=
calls=0 +167811 0
* * 16
+144051 0 0
cfl=
cfn=
calls=0 +146614 0
* * 14
+2563 0 0
cfl=
cfn=
calls=0 +22725 0
* * 14
+18979 0 0
cfl=
cfn=
calls=0 0x173ca5f 0
* * 1
+1425 0 0
cfl=
cfn=
calls=0 +1183 0
* * 53
+66458 0 0
cfl=
cfn=
calls=0 -242 0
* * 307
+3569 0 0
cfl=
cfn=
calls=0 +4556 0
* * 3
+987 0 0
cfl=
cfn=
calls=0 -70027 0
* * 3
+5884 0 0
cfl=
cfn=
calls=0 -71014 0
* * 34
+13302 0 0
cfl=
cfn=
calls=0 -198590 0
* * 1
+91482 0 0
cfl=
cfn=
calls=0 -23742 0
* * 1
+13217 0 0
cfl=
cfn=
calls=0 0xd1e1a2 0
* * 136
cfl=
cfn=
calls=0 0x13f015c 0
* * 84
cfl=
cfn=
calls=0 0xd1e48f 0
* * 19
cfl=
cfn=
calls=0 0xaa738e 0
* * 9
cfl=
cfn=
calls=0 0xaa880c 0
* * 8
cfl=
cfn=
calls=0 0xa75fef 0
* * 6
cfl=
cfn=
calls=0 0xa76927 0
* * 6
cfl=
cfn=
calls=0 0xa7e780 0
* * 6
cfl=
cfn=
calls=0 0xa7ed67 0
* * 6
cfl=
cfn=
calls=0 0xa9b536 0
* * 6
cfl=
cfn=
calls=0 0xaa6b67 0
* * 6
cfl=
cfn=
calls=0 0xa76f6b 0
* * 5
cfl=
cfn=
calls=0 0xdf7ae8 0
* * 3
cfl=
cfn=
calls=0 0xd77a61 0
* * 2
cfl=
cfn=
calls=0 -183107 0
* * 1
cfl=
cfn=
calls=0 * 0
* * 1
cfl=
cfn=
calls=0 0x8e1a7f 0
* * 1
cfl=
cfn=
calls=0 0x8e72fc 0
* * 1
cfl=
cfn=
calls=0 0xa77116 0
* * 1
cfl=
cfn=
calls=0 0xb4e000 0
* * 1
cfl=
cfn=
calls=0 0xb4e227 0
* * 1
cfl=
cfn=
calls=0 0xd1e2e5 0
* * 1
cfl=
cfn=
calls=0 0xd29361 0
* * 1
cfl=
cfn=
calls=0 0xd460fc 0
* * 1
cfl=
cfn=
calls=0 0x143afed 0
* * 1
cfl=
cfn=
calls=0 0x14698c2 0
* * 1
cfl=
cfn=
calls=0 0x1732f3b 0
* * 1
+89519 0 0
cfl=
cfn=
calls=0 -118001 0
* * 34
+8670 0 0
cfl=
cfn=
calls=0 0x168bb6e 0
* * 1
+4228 0 0
cfl=
cfn=
calls=0 -223061 0
* * 3
+1204 0 0
cfl=
cfn=
calls=0 0xa848f4 0
* * 14
cfl=
cfn=
calls=0 +617369 0
* * 12
+370 0 0
cfl=
cfn=
calls=0 * 0
* * 26
+144678 0 0
cfl=
cfn=
calls=0 -321857 0
* * 14
+127 0 0
cfl=
cfn=
calls=0 * 0
* * 14
+3485 0 0
cfl=
cfn=
calls=0 * 0
* * 12
+5816 0 0
cfl=
cfn=
calls=0 -3485 0
* * 2
+461689 0 0
cfl=
cfn=
calls=0 0x839e4f 0
* * 12
+679335 0 0
cfl=
cfn=
calls=0 -467505 0
* * 12
+2592 0 0
cfl=
cfn=
calls=0 0x6505e1 0
* * 2
+73275 0 0
cfl=
cfn=
calls=0 -2592 0
* * 12
+35708 0 0
cfl=
cfn=
calls=0 +42337 0
* * 2
+6629 0 0
cfl=
cfn=
calls=0 -108983 0
* * 2
+729303 0 0
cfl=
cfn=
calls=0 -42337 0
* * 6
cfl=
cfn=
calls=0 0xdf5980 0
* * 6
+1387 0 0
cfl=
cfn=
calls=0 * 0
* * 12
+15184 0 0
cfl=
cfn=
calls=0 * 0
* * 12
+115127 0 0
cfl=
cfn=
calls=0 0xdf6d14 0
* * 1
+594678 0 0
cfl=
cfn=
calls=0 +610365 0
* * 1
+4391 0 0
cfl=
cfn=
calls=0 0x15fda4a 0
* * 1
cfl=
cfn=
calls=0 0x1667198 0
* * 1
cfl=
cfn=
calls=0 0x1687f7b 0
* * 1
+5804 0 0
cfl=
cfn=
calls=0 * 0
* * 1
+5492 0 0
cfl=
cfn=
calls=0 0x1679cdc 0
* * 1
+910 0 0
cfl=
cfn=
calls=0 -610365 0
* * 1
cfl=
cfn=
calls=0 0xdf6d14 0
* * 1
0xa44baa 0 0
cfl=
cfn=
calls=0 0x62abe7 0
* * 12
+2409 0 0
cfl=
cfn=
calls=0 * 0
* * 12
+199388 0 0
cfl=
cfn=
calls=0 +252475 0
* * 6
+2360 0 0
cfl=
cfn=
calls=0 0x5f1ff7 0
* * 6
+1604 0 0
cfl=
cfn=
calls=0 0x5f1ff7 0
* * 5
+427 0 0
cfl=
cfn=
calls=0 0x5f1ff7 0
* * 1
+11542 0 0
cfl=
cfn=
calls=0 +48696 0
* * 6
+18772 0 0
cfl=
cfn=
calls=0 0x5f1ff7 0
* * 6
+1511 0 0
cfl=
cfn=
calls=0 0x5f1ff7 0
* * 6
+16871 0 0
cfl=
cfn=
calls=0 -235604 0
* * 12
+2257 0 0
cfl=
cfn=
calls=0 0x5f1ff7 0
* * 14
+2198 0 0
cfl=
cfn=
calls=0 0x5f1ff7 0
* * 83
+1929 0 0
cfl=
cfn=
calls=0 0x62abe7 0
* * 14
+182 0 0
cfl=
cfn=
calls=0 -4127 0
* * 14
+36759 0 0
cfl=
cfn=
calls=0 -2111 0
* * 83
+2657 0 0
cfl=
cfn=
calls=0 0xdf2dd3 0
* * 63
cfl=
cfn=
calls=0 0xdf3616 0
* * 20
+4039 0 0
cfl=
cfn=
calls=0 -2657 0
* * 83
+21114 0 0
cfl=
cfn=
calls=0 0x5f1ff7 0
* * 6
+13335 0 0
cfl=
cfn=
calls=0 -64751 0
* * 14
+3224 0 0
cfl=
cfn=
calls=0 * 0
* * 14
+9737 0 0
cfl=
cfn=
calls=0 0xdf6d14 0
* * 1
+2385 0 0
cfl=
cfn=
calls=0 +3581 0
* * 6
+1196 0 0
cfl=
cfn=
calls=0 +1593 0
* * 6
+397 0 0
cfl=
cfn=
calls=0 -138166 0
* * 6
+5940 0 0
cfl=
cfn=
calls=0 0xbe0eec 0
* * 2
+7967 0 0
cfl=
cfn=
calls=0 0xff9301 0
* * 5
cfl=
cfn=
calls=0 0xe10f31 0
* * 1
cfl=
cfn=
calls=0 +9815998 0
* * 1
+6462 0 0
cfl=
cfn=
calls=0 * 0
* * 7
+103 0 0
cfl=
cfn=
calls=0 -14429 0
* * 2
+11374 0 0
cfl=
cfn=
calls=0 -34187 0
* * 7
+6232 0 0
cfl=
cfn=
calls=0 -45561 0
* * 7
+6970 0 0
cfl=
cfn=
calls=0 -68352 0
* * 6
+2087 0 0
cfl=
cfn=
calls=0 -24679 0
* * 7
cfl=
cfn=
calls=0 -24576 0
* * 2
+5246 0 0
cfl=
cfn=
calls=0 0x5f1ff7 0
* * 8
+347550 0 0
cfl=
cfn=
calls=0 +361139 0
* * 1
+13589 0 0
cfl=
cfn=
calls=0 +14103 0
* * 1
+316737 0 0
cfl=
cfn=
calls=0 0x5b8cda 0
* * 1
+551 0 0
cfl=
cfn=
calls=0 0x5b8cda 0
* * 1
+600682 0 0
cfl=
cfn=
calls=0 -786235 0
* * 83
+603 0 0
cfl=
cfn=
calls=0 0xdf4123 0
* * 2
+871353 0 0
cfl=
cfn=
calls=0 0x166ea0b 0
* * 2
+420257 0 0
cfl=
cfn=
calls=0 +4085223 0
* * 1
cfl=
cfn=
calls=0 +9703079 0
* * 1
cfl=
cfn=
calls=0 0x1689a1d 0
* * 1
+368 0 0
cfl=
cfn=
calls=0 +9887264 0
* * 3
+7148 0 0
cfl=
cfn=
calls=0 +3718599 0
* * 32
cfl=
cfn=
calls=0 +8991152 0
* * 32
cfl=
cfn=
calls=0 +3665476 0
* * 7
cfl=
cfn=
calls=0 +939796 0
* * 5
cfl=
cfn=
calls=0 +3673334 0
* * 5
cfl=
cfn=
calls=0 +3676383 0
* * 5
cfl=
cfn=
calls=0 +3676937 0
* * 5
cfl=
cfn=
calls=0 +3726146 0
* * 3
cfl=
cfn=
calls=0 +898013 0
* * 2
cfl=
cfn=
calls=0 0xe21b2c 0
* * 2
cfl=
cfn=
calls=0 0xe2208f 0
* * 2
cfl=
cfn=
calls=0 +939322 0
* * 1
cfl=
cfn=
calls=0 0xe22ffa 0
* * 1
cfl=
cfn=
calls=0 0xe236f8 0
* * 1
cfl=
cfn=
calls=0 0xe24605 0
* * 1
cfl=
cfn=
calls=0 0xe24b09 0
* * 1
cfl=
cfn=
calls=0 +3654157 0
* * 1
cfl=
cfn=
calls=0 +3658738 0
* * 1
cfl=
cfn=
calls=0 +3666067 0
* * 1
cfl=
cfn=
calls=0 +3717630 0
* * 1
cfl=
cfn=
calls=0 +3718434 0
* * 1
cfl=
cfn=
calls=0 +3724427 0
* * 1
cfl=
cfn=
calls=0 +3772503 0
* * 1
cfl=
cfn=
calls=0 +3772583 0
* * 1
cfl=
cfn=
calls=0 +3772663 0
* * 1
cfl=
cfn=
calls=0 +6226622 0
* * 1
cfl=
cfn=
calls=0 +6226996 0
* * 1
cfl=
cfn=
calls=0 +7159015 0
* * 1
cfl=
cfn=
calls=0 +7658772 0
* * 1
cfl=
cfn=
calls=0 +8992555 0
* * 1
cfl=
cfn=
calls=0 +9020331 0
* * 1
cfl=
cfn=
calls=0 +9039661 0
* * 1
cfl=
cfn=
calls=0 +9281851 0
* * 1
cfl=
cfn=
calls=0 +9882070 0
* * 1
cfl=
cfn=
calls=0 +9883336 0
* * 1
cfl=
cfn=
calls=0 +9884469 0
* * 1
cfl=
cfn=
calls=0 +9889116 0
* * 1
cfl=
cfn=
calls=0 +9889320 0
* * 1
cfl=
cfn=
calls=0 +9889858 0
* * 1
cfl=
cfn=
calls=0 +9889979 0
* * 1
cfl=
cfn=
calls=0 +9890245 0
* * 1
cfl=
cfn=
calls=0 +9890524 0
* * 1
cfl=
cfn=
calls=0 +9892430 0
* * 1
cfl=
cfn=
calls=0 +9893444 0
* * 1
cfl=
cfn=
calls=0 +9897141 0
* * 1
cfl=
cfn=
calls=0 +9900868 0
* * 1
cfl=
cfn=
calls=0 +9914646 0
* * 1
+323 0 0
cfl=
cfn=
calls=0 +7155982 0
* * 1
+426 0 0
cfl=
cfn=
calls=0 +7143237 0
* * 17
cfl=
cfn=
calls=0 +3647139 0
* * 1
cfl=
cfn=
calls=0 +3647772 0
* * 1
+44754 0 0
cfl=
cfn=
calls=0 0x5f7cb5 0
* * 1
+118171 0 0
cfl=
cfn=
calls=0 0x5f1ff7 0
* * 1
+45389 0 0
cfl=
cfn=
calls=0 0x5f1ff7 0
* * 1
+3219 0 0
cfl=
cfn=
calls=0 * 0
* * 1
+154501 0 0
cfl=
cfn=
calls=0 0x62735f 0
* * 2
+166982 0 0
cfl=
cfn=
calls=0 +172002 0
* * 1
+4425 0 0
cfl=
cfn=
calls=0 +54315 0
* * 62
cfl=
cfn=
calls=0 +54123 0
* * 3
+595 0 0
cfl=
cfn=
calls=0 * 0
* * 3
+1368 0 0
cfl=
cfn=
calls=0 +6581757 0
* * 67
+21845 0 0
cfl=
cfn=
calls=0 -1963 0
* * 62
+144 0 0
cfl=
cfn=
calls=0 +4310 0
* * 1
+1054 0 0
cfl=
cfn=
calls=0 * 0
* * 1
+335 0 0
cfl=
cfn=
calls=0 -1198 0
* * 62
+2777 0 0
cfl=
cfn=
calls=0 +6521 0
* * 1
+3622 0 0
cfl=
cfn=
calls=0 +20276 0
* * 1
+122 0 0
cfl=
cfn=
calls=0 -29777 0
* * 64
+16532 0 0
cfl=
cfn=
calls=0 0x7b4dae 0
* * 1
+1304 0 0
cfl=
cfn=
calls=0 -46431 0
* * 3
+192 0 0
cfl=
cfn=
calls=0 -17836 0
* * 61
cfl=
cfn=
calls=0 -17958 0
* * 1
+283393 0 0
cfl=
cfn=
calls=0 0xa8f2b3 0
* * 63
+2115 0 0
cfl=
cfn=
calls=0 0xa8f2b3 0
* * 20
+2829 0 0
cfl=
cfn=
calls=0 0xcb5aa5 0
* * 2
+3889 0 0
cfl=
cfn=
calls=0 0x7822d8 0
* * 2
+2348 0 0
cfl=
cfn=
calls=0 0x77975c 0
* * 6
+5012 0 0
cfl=
cfn=
calls=0 0x5b8cda 0
* * 4
+1659 0 0
cfl=
cfn=
calls=0 * 0
* * 1
+1540 0 0
cfl=
cfn=
calls=0 0x5b8c9a 0
* * 2
+341 0 0
cfl=
cfn=
calls=0 +8993717 0
* * 3
+20242 0 0
cfl=
cfn=
calls=0 0x5f1ff7 0
* * 5
+20726 0 0
cfl=
cfn=
calls=0 0x5b8c9a 0
* * 1
+474 0 0
cfl=
cfn=
calls=0 -20726 0
* * 5
+25013 0 0
cfl=
cfn=
calls=0 0x5f1ff7 0
* * 2
+36658 0 0
cfl=
cfn=
calls=0 0xaa37d5 0
* * 2
+384 0 0
cfl=
cfn=
calls=0 +58971 0
* * 1
+288 0 0
cfl=
cfn=
calls=0 0xaa502d 0
* * 1
+58299 0 0
cfl=
cfn=
calls=0 0x5f1ff7 0
* * 1
+2407 0 0
cfl=
cfn=
calls=0 +25538 0
* * 1
+7609 0 0
cfl=
cfn=
calls=0 -98036 0
* * 2
+1032 0 0
cfl=
cfn=
calls=0 -68987 0
* * 2
+347 0 0
cfl=
cfn=
calls=0 * 0
* * 2
+3947 0 0
cfl=
cfn=
calls=0 0x5f1ff7 0
* * 1
+1790 0 0
cfl=
cfn=
calls=0 0x5f1ff7 0
* * 1
+3853 0 0
cfl=
cfn=
calls=0 -14725 0
* * 1
+1284 0 0
cfl=
cfn=
calls=0 0x5b8c9a 0
* * 1
+3269 0 0
cfl=
cfn=
calls=0 -80568 0
* * 1
0xfcfa47 0 0
cfl=
cfn=
calls=0 0xfd0c3c 0
* * 1
+4597 0 0
cfl=
cfn=
calls=0 0x62a5c1 0
* * 1
+141871 0 0
cfl=
cfn=
calls=0 +615956 0
* * 1
+22566 0 0
cfl=
cfn=
calls=0 0xaa37d5 0
* * 5
+1136 0 0
cfl=
cfn=
calls=0 +56755 0
* * 5
+288 0 0
cfl=
cfn=
calls=0 0xaa502d 0
* * 5
+55331 0 0
cfl=
cfn=
calls=0 0x5f1ff7 0
* * 5
+1627 0 0
cfl=
cfn=
calls=0 +618277 0
* * 5
+1642 0 0
cfl=
cfn=
calls=0 0x5f1ff7 0
* * 5
+2336 0 0
cfl=
cfn=
calls=0 +499669 0
* * 1
+31879 0 0
cfl=
cfn=
calls=0 +57185 0
* * 3
+25306 0 0
cfl=
cfn=
calls=0 +27836 0
* * 3
+2530 0 0
cfl=
cfn=
calls=0 0x5f1ff7 0
* * 3
+196123 0 0
cfl=
cfn=
calls=0 +199661 0
* * 1
+3538 0 0
cfl=
cfn=
calls=0 -255838 0
* * 1
+129783 0 0
cfl=
cfn=
calls=0 +136013 0
* * 1
+6230 0 0
cfl=
cfn=
calls=0 +10069 0
* * 1
+3839 0 0
cfl=
cfn=
calls=0 -139551 0
* * 1
+4384 0 0
cfl=
cfn=
calls=0 0x5f1ff7 0
* * 1
+4267 0 0
cfl=
cfn=
calls=0 0x62a5c1 0
* * 1
+155 0 0
cfl=
cfn=
calls=0 0x62735f 0
* * 32
+15496 0 0
cfl=
cfn=
calls=0 +245716 0
* * 1
+49505 0 0
cfl=
cfn=
calls=0 -391651 0
* * 3
+24298 0 0
cfl=
cfn=
calls=0 0xd51edc 0
* * 1
+8982 0 0
cfl=
cfn=
calls=0 0x5f1ff7 0
* * 1
+456 0 0
cfl=
cfn=
calls=0 0x5f1ff7 0
* * 1
+39314 0 0
cfl=
cfn=
calls=0 -33736 0
* * 3
+45173 0 0
cfl=
cfn=
calls=0 0x5f1ff7 0
* * 1
+453 0 0
cfl=
cfn=
calls=0 -822652 0
* * 1
+453 0 0
cfl=
cfn=
calls=0 0xda1a43 0
* * 1
+180 0 0
cfl=
cfn=
calls=0 * 0
* * 1
+3495 0 0
cfl=
cfn=
calls=0 0x5f1ff7 0
* * 1
+5860 0 0
cfl=
cfn=
calls=0 -680765 0
* * 1
+878 0 0
cfl=
cfn=
calls=0 0x5f1ff7 0
* * 7
+591 0 0
cfl=
cfn=
calls=0 0xd1c446 0
* * 1
+6697 0 0
cfl=
cfn=
calls=0 -664104 0
* * 5
+570 0 0
cfl=
cfn=
calls=0 * 0
* * 5
+2237 0 0
cfl=
cfn=
calls=0 -612771 0
* * 5
+299 0 0
cfl=
cfn=
calls=0 -675032 0
* * 5
+513 0 0
cfl=
cfn=
calls=0 * 0
* * 5
+554 0 0
cfl=
cfn=
calls=0 -617462 0
* * 5
+39712 0 0
cfl=
cfn=
calls=0 -210426 0
* * 1
+981 0 0
cfl=
cfn=
calls=0 -230220 0
* * 1
+804 0 0
cfl=
cfn=
calls=0 0x5b8c9a 0
* * 1
+165 0 0
cfl=
cfn=
calls=0 -247501 0
* * 32
+5828 0 0
cfl=
cfn=
calls=0 0x5f1ff7 0
* * 1
+1719 0 0
cfl=
cfn=
calls=0 0x5f1ff7 0
* * 3
+46357 0 0
cfl=
cfn=
calls=0 -255368 0
* * 1
+80 0 0
cfl=
cfn=
calls=0 -203289 0
* * 1
+80 0 0
cfl=
cfn=
calls=0 -202913 0
* * 1
+1843724 0 0
cfl=
cfn=
calls=0 0xda9466 0
* * 2
+2857 0 0
cfl=
cfn=
calls=0 * 0
* * 2
+29469 0 0
cfl=
cfn=
calls=0 +29823 0
* * 2
+354 0 0
cfl=
cfn=
calls=0 +596 0
* * 2
+242 0 0
cfl=
cfn=
calls=0 -29823 0
* * 2
+577313 0 0
cfl=
cfn=
calls=0 0x5f1ff7 0
* * 1
+374 0 0
cfl=
cfn=
calls=0 0x5f1ff7 0
* * 1
+57488 0 0
cfl=
cfn=
calls=0 0xda06a7 0
* * 1
+777456 0 0
cfl=
cfn=
calls=0 +800447 0
* * 84
+1232 0 0
cfl=
cfn=
calls=0 * 0
* * 84
+3554 0 0
cfl=
cfn=
calls=0 +8381 0
* * 67
cfl=
cfn=
calls=0 +7391 0
* * 1
+3837 0 0
cfl=
cfn=
calls=0 +83122 0
* * 1
+990 0 0
cfl=
cfn=
calls=0 +5503 0
* * 67
+4513 0 0
cfl=
cfn=
calls=0 -8381 0
* * 84
+8865 0 0
cfl=
cfn=
calls=0 0x5f1ff7 0
* * 84
+39802 0 0
cfl=
cfn=
calls=0 0x5f1ff7 0
* * 1
+2957 0 0
cfl=
cfn=
calls=0 -58007 0
* * 67
+7458 0 0
cfl=
cfn=
calls=0 +10737 0
* * 1
+3279 0 0
cfl=
cfn=
calls=0 -68422 0
* * 1
+11421 0 0
cfl=
cfn=
calls=0 0x5b8c9a 0
* * 1
+860 0 0
cfl=
cfn=
calls=0 -73782 0
* * 17
+6028 0 0
cfl=
cfn=
calls=0 0xbe0c91 0
* * 83
+788 0 0
cfl=
cfn=
calls=0 +2617429 0
* * 1
+1170 0 0
cfl=
cfn=
calls=0 -788 0
* * 83
cfl=
cfn=
calls=0 * 0
* * 1
+321 0 0
cfl=
cfn=
calls=0 -33961 0
* * 1
+4115 0 0
cfl=
cfn=
calls=0 -23867 0
* * 1
+34737 0 0
cfl=
cfn=
calls=0 +452832 0
* * 1
+288 0 0
cfl=
cfn=
calls=0 0xaa502d 0
* * 1
+38671 0 0
cfl=
cfn=
calls=0 0x5b8cda 0
* * 1
+123617 0 0
cfl=
cfn=
calls=0 0x5f1ff7 0
* * 1
+55817 0 0
cfl=
cfn=
calls=0 +58037 0
* * 1
+2220 0 0
cfl=
cfn=
calls=0 -218105 0
* * 1
+47047 0 0
cfl=
cfn=
calls=0 -181654 0
* * 1
+149770 0 0
cfl=
cfn=
calls=0 -49267 0
* * 1
+665 0 0
cfl=
cfn=
calls=0 * 0
* * 1
+40242 0 0
cfl=
cfn=
calls=0 0x62a5c1 0
* * 1
+2568 0 0
cfl=
cfn=
calls=0 0x5f1ff7 0
* * 1
+410220 0 0
cfl=
cfn=
calls=0 -298329 0
* * 1
+5155 0 0
cfl=
cfn=
calls=0 * 0
* * 1
+58099 0 0
cfl=
cfn=
calls=0 +61170 0
* * 2
+583 0 0
cfl=
cfn=
calls=0 +1180 0
* * 64
+597 0 0
cfl=
cfn=
calls=0 +3420 0
* * 64
+1891 0 0
cfl=
cfn=
calls=0 +2823 0
* * 2
+932 0 0
cfl=
cfn=
calls=0 +5680 0
* * 66
+4748 0 0
cfl=
cfn=
calls=0 +9445 0
* * 66
+4697 0 0
cfl=
cfn=
calls=0 +7545 0
* * 66
+2848 0 0
cfl=
cfn=
calls=0 +9212 0
* * 65
cfl=
cfn=
calls=0 +12087 0
* * 1
+6364 0 0
cfl=
cfn=
calls=0 +18251 0
* * 64
cfl=
cfn=
calls=0 +17590 0
* * 1
+2875 0 0
cfl=
cfn=
calls=0 +5564 0
* * 1
+2689 0 0
cfl=
cfn=
calls=0 0xda799e 0
* * 1
+1146 0 0
cfl=
cfn=
calls=0 -86323 0
* * 1
+1035 0 0
cfl=
cfn=
calls=0 +1484 0
* * 2
+120 0 0
cfl=
cfn=
calls=0 +933 0
* * 62
+329 0 0
cfl=
cfn=
calls=0 +416209 0
* * 2
+67 0 0
cfl=
cfn=
calls=0 +182515 0
* * 62
+417 0 0
cfl=
cfn=
calls=0 * 0
* * 62
+2548 0 0
cfl=
cfn=
calls=0 -1968 0
* * 1
+661 0 0
cfl=
cfn=
calls=0 -3361 0
* * 62
cfl=
cfn=
calls=0 -3481 0
* * 2
+178822 0 0
cfl=
cfn=
calls=0 +179410 0
* * 62
+588 0 0
cfl=
cfn=
calls=0 +430472 0
* * 62
+232062 0 0
cfl=
cfn=
calls=0 -2697490 0
* * 2
+715 0 0
cfl=
cfn=
calls=0 * 0
* * 2
+197107 0 0
cfl=
cfn=
calls=0 0xda7aed 0
* * 62
+215065 0 0
cfl=
cfn=
calls=0 0x5f1ff7 0
* * 32
+1403 0 0
cfl=
cfn=
calls=0 0x5f1ff7 0
* * 1
+27776 0 0
cfl=
cfn=
calls=0 0x5f1ff7 0
* * 1
+19330 0 0
cfl=
cfn=
calls=0 0x5f1ff7 0
* * 1
+206091 0 0
cfl=
cfn=
calls=0 0xd1c446 0
* * 1
+2032 0 0
cfl=
cfn=
calls=0 0xda1a43 0
* * 1
+34067 0 0
cfl=
cfn=
calls=0 -2032 0
* * 1
+603 0 0
cfl=
cfn=
calls=0 -34067 0
* * 1
+28155 0 0
cfl=
cfn=
calls=0 0xafd5aa 0
* * 1
+771 0 0
cfl=
cfn=
calls=0 * 0
* * 1
+152398 0 0
cfl=
cfn=
calls=0 +191985 0
* * 64
cfl=
cfn=
calls=0 +191283 0
* * 2
+38885 0 0
cfl=
cfn=
calls=0 +42599 0
* * 2
+702 0 0
cfl=
cfn=
calls=0 +15744 0
* * 64
+3012 0 0
cfl=
cfn=
calls=0 -1371119 0
* * 2
+12030 0 0
cfl=
cfn=
calls=0 -1373548 0
* * 64
+224923 0 0
cfl=
cfn=
calls=0 0x8e8423 0
* * 1
+29119 0 0
cfl=
cfn=
calls=0 0xd1c446 0
* * 1
+810 0 0
cfl=
cfn=
calls=0 0xd1c5b6 0
* * 3
+906 0 0
cfl=
cfn=
calls=0 * 0
* * 3
+45777 0 0
cfl=
cfn=
calls=0 0x8e9acf 0
* * 1
+58015 0 0
cfl=
cfn=
calls=0 0x8e8423 0
* * 1
+4113 0 0
cfl=
cfn=
calls=0 0x5f1ff7 0
* * 1
+1266 0 0
cfl=
cfn=
calls=0 0x5f1ff7 0
* * 1
+1133 0 0
cfl=
cfn=
calls=0 -110887 0
* * 1
+306 0 0
cfl=
cfn=
calls=0 -3599985 0
* * 1
+2121 0 0
cfl=
cfn=
calls=0 -6275791 0
* * 3
+2220 0 0
cfl=
cfn=
calls=0 0x5b8c9a 0
* * 1
+204 0 0
cfl=
cfn=
calls=0 0xdf5054 0
* * 1
+538 0 0
cfl=
cfn=
calls=0 0x8eb3d1 0
* * 1
+121 0 0
cfl=
cfn=
calls=0 0x8eb3d1 0
* * 1
+266 0 0
cfl=
cfn=
calls=0 0x5b8c9a 0
* * 1
+279 0 0
cfl=
cfn=
calls=0 0xa9abe5 0
* * 1
+1206 0 0
cfl=
cfn=
calls=0 -426746 0
* * 5
+700 0 0
cfl=
cfn=
calls=0 0xdf738f 0
* * 1
+874 0 0
cfl=
cfn=
calls=0 0xdf5054 0
* * 1
+140 0 0
cfl=
cfn=
calls=0 0x62953d 0
* * 1
+3697 0 0
cfl=
cfn=
calls=0 0x5f1ff7 0
* * 1
+3727 0 0
cfl=
cfn=
calls=0 0x5f1ff7 0
* * 1
+13778 0 0
cfl=
cfn=
calls=0 0x5f1ff7 0
* * 1
+250996 0 0
cfl=
cfn=
calls=0 +658868 0
* * 1
+1162 0 0
cfl=
cfn=
calls=0 +1965 0
* * 1
+803 0 0
cfl=
cfn=
calls=0 -1162 0
* * 1
+183470 0 0
cfl=
cfn=
calls=0 +184671 0
* * 1
+1201 0 0
cfl=
cfn=
calls=0 -184273 0
* * 1
+164200 0 0
cfl=
cfn=
calls=0 0x5f1ff7 0
* * 1
+56610 0 0
cfl=
cfn=
calls=0 * 0
* * 1
+426 0 0
cfl=
cfn=
calls=0 * 0
* * 1
+4795 0 0
cfl=
cfn=
calls=0 0x5b8c9a 0
* * 1
+39716 0 0
cfl=
cfn=
calls=0 -227232 0
* * 1
